[2025-02-03 13:27:06] production.ERROR: Database file at path [/Users/sayemh/Downloads/2miniw 2/bin/database/database.sqlite] does not exist. Ensure this is an absolute path to the database. (Connection: sqlite, SQL: PRAGMA foreign_keys = ON;) {"exception":"[object] (Illuminate\\Database\\QueryException(code: 0): Database file at path [/Users/sayemh/Downloads/2miniw 2/bin/database/database.sqlite] does not exist. Ensure this is an absolute path to the database. (Connection: sqlite, SQL: PRAGMA foreign_keys = ON;) at /Users/sayemh/Downloads/2miniw 2/bin/vendor/laravel/framework/src/Illuminate/Database/Connection.php:793)
[stacktrace]
#0 /Users/sayemh/Downloads/2miniw 2/bin/vendor/laravel/framework/src/Illuminate/Database/Connection.php(753): Illuminate\\Database\\Connection->runQueryCallback('PRAGMA foreign_...', Array, Object(Closure))
#1 /Users/sayemh/Downloads/2miniw 2/bin/vendor/laravel/framework/src/Illuminate/Database/Connection.php(579): Illuminate\\Database\\Connection->run('PRAGMA foreign_...', Array, Object(Closure))
#2 /Users/sayemh/Downloads/2miniw 2/bin/vendor/laravel/framework/src/Illuminate/Database/Schema/Builder.php(398): Illuminate\\Database\\Connection->statement('PRAGMA foreign_...')
#3 /Users/sayemh/Downloads/2miniw 2/bin/vendor/laravel/framework/src/Illuminate/Database/SQLiteConnection.php(35): Illuminate\\Database\\Schema\\Builder->enableForeignKeyConstraints()
#4 /Users/sayemh/Downloads/2miniw 2/bin/vendor/laravel/framework/src/Illuminate/Database/Connectors/ConnectionFactory.php(272): Illuminate\\Database\\SQLiteConnection->__construct(Object(Closure), '/Users/sayemh/D...', '', Array)
#5 /Users/sayemh/Downloads/2miniw 2/bin/vendor/laravel/framework/src/Illuminate/Database/Connectors/ConnectionFactory.php(76): Illuminate\\Database\\Connectors\\ConnectionFactory->createConnection('sqlite', Object(Closure), '/Users/sayemh/D...', '', Array)
#6 /Users/sayemh/Downloads/2miniw 2/bin/vendor/laravel/framework/src/Illuminate/Database/Connectors/ConnectionFactory.php(50): Illuminate\\Database\\Connectors\\ConnectionFactory->createSingleConnection(Array)
#7 /Users/sayemh/Downloads/2miniw 2/bin/vendor/laravel/framework/src/Illuminate/Database/DatabaseManager.php(152): Illuminate\\Database\\Connectors\\ConnectionFactory->make(Array, 'sqlite')
#8 /Users/sayemh/Downloads/2miniw 2/bin/vendor/laravel/framework/src/Illuminate/Database/DatabaseManager.php(101): Illuminate\\Database\\DatabaseManager->makeConnection('sqlite')
#9 /Users/sayemh/Downloads/2miniw 2/bin/vendor/laravel/framework/src/Illuminate/Database/DatabaseServiceProvider.php(74): Illuminate\\Database\\DatabaseManager->connection()
#10 /Users/sayemh/Downloads/2miniw 2/bin/vendor/laravel/framework/src/Illuminate/Container/Container.php(910): Illuminate\\Database\\DatabaseServiceProvider->Illuminate\\Database\\{closure}(Object(Illuminate\\Foundation\\Application), Array)
#11 /Users/sayemh/Downloads/2miniw 2/bin/vendor/laravel/framework/src/Illuminate/Container/Container.php(795): Illuminate\\Container\\Container->build(Object(Closure))
#12 /Users/sayemh/Downloads/2miniw 2/bin/vendor/laravel/framework/src/Illuminate/Foundation/Application.php(933): Illuminate\\Container\\Container->resolve('db.schema', Array, true)
#13 /Users/sayemh/Downloads/2miniw 2/bin/vendor/laravel/framework/src/Illuminate/Container/Container.php(731): Illuminate\\Foundation\\Application->resolve('db.schema', Array)
#14 /Users/sayemh/Downloads/2miniw 2/bin/vendor/laravel/framework/src/Illuminate/Foundation/Application.php(918): Illuminate\\Container\\Container->make('db.schema', Array)
#15 /Users/sayemh/Downloads/2miniw 2/bin/vendor/laravel/framework/src/Illuminate/Container/Container.php(1456): Illuminate\\Foundation\\Application->make('db.schema')
#16 /Users/sayemh/Downloads/2miniw 2/bin/vendor/laravel/framework/src/Illuminate/Support/Facades/Facade.php(239): Illuminate\\Container\\Container->offsetGet('db.schema')
#17 /Users/sayemh/Downloads/2miniw 2/bin/vendor/laravel/framework/src/Illuminate/Support/Facades/Facade.php(207): Illuminate\\Support\\Facades\\Facade::resolveFacadeInstance('db.schema')
#18 /Users/sayemh/Downloads/2miniw 2/bin/vendor/laravel/framework/src/Illuminate/Support/Facades/Facade.php(347): Illuminate\\Support\\Facades\\Facade::getFacadeRoot()
#19 /Users/sayemh/Downloads/2miniw 2/bin/app/Providers/AppServiceProvider.php(34): Illuminate\\Support\\Facades\\Facade::__callStatic('defaultStringLe...', Array)
#20 /Users/sayemh/Downloads/2miniw 2/bin/vendor/laravel/framework/src/Illuminate/Container/BoundMethod.php(36): App\\Providers\\AppServiceProvider->boot()
#21 /Users/sayemh/Downloads/2miniw 2/bin/vendor/laravel/framework/src/Illuminate/Container/Util.php(41): Illuminate\\Container\\BoundMethod::Illuminate\\Container\\{closure}()
#22 /Users/sayemh/Downloads/2miniw 2/bin/vendor/laravel/framework/src/Illuminate/Container/BoundMethod.php(93): Illuminate\\Container\\Util::unwrapIfClosure(Object(Closure))
#23 /Users/sayemh/Downloads/2miniw 2/bin/vendor/laravel/framework/src/Illuminate/Container/BoundMethod.php(37): Illuminate\\Container\\BoundMethod::callBoundMethod(Object(Illuminate\\Foundation\\Application), Array, Object(Closure))
#24 /Users/sayemh/Downloads/2miniw 2/bin/vendor/laravel/framework/src/Illuminate/Container/Container.php(662): Illuminate\\Container\\BoundMethod::call(Object(Illuminate\\Foundation\\Application), Array, Array, NULL)
#25 /Users/sayemh/Downloads/2miniw 2/bin/vendor/laravel/framework/src/Illuminate/Foundation/Application.php(1006): Illuminate\\Container\\Container->call(Array)
#26 /Users/sayemh/Downloads/2miniw 2/bin/vendor/laravel/framework/src/Illuminate/Foundation/Application.php(987): Illuminate\\Foundation\\Application->bootProvider(Object(App\\Providers\\AppServiceProvider))
#27 [internal function]: Illuminate\\Foundation\\Application->Illuminate\\Foundation\\{closure}(Object(App\\Providers\\AppServiceProvider), 26)
#28 /Users/sayemh/Downloads/2miniw 2/bin/vendor/laravel/framework/src/Illuminate/Foundation/Application.php(988): array_walk(Array, Object(Closure))
#29 /Users/sayemh/Downloads/2miniw 2/bin/vendor/laravel/framework/src/Illuminate/Foundation/Bootstrap/BootProviders.php(17): Illuminate\\Foundation\\Application->boot()
#30 /Users/sayemh/Downloads/2miniw 2/bin/vendor/laravel/framework/src/Illuminate/Foundation/Application.php(261): Illuminate\\Foundation\\Bootstrap\\BootProviders->bootstrap(Object(Illuminate\\Foundation\\Application))
#31 /Users/sayemh/Downloads/2miniw 2/bin/vendor/laravel/framework/src/Illuminate/Foundation/Console/Kernel.php(428): Illuminate\\Foundation\\Application->bootstrapWith(Array)
#32 /Users/sayemh/Downloads/2miniw 2/bin/vendor/laravel/framework/src/Illuminate/Foundation/Console/Kernel.php(198): Illuminate\\Foundation\\Console\\Kernel->bootstrap()
#33 /Users/sayemh/Downloads/2miniw 2/bin/artisan(37): Illuminate\\Foundation\\Console\\Kernel->handle(Object(Symfony\\Component\\Console\\Input\\ArgvInput), Object(Symfony\\Component\\Console\\Output\\ConsoleOutput))
#34 {main}

[previous exception] [object] (Illuminate\\Database\\SQLiteDatabaseDoesNotExistException(code: 0): Database file at path [/Users/sayemh/Downloads/2miniw 2/bin/database/database.sqlite] does not exist. Ensure this is an absolute path to the database. at /Users/sayemh/Downloads/2miniw 2/bin/vendor/laravel/framework/src/Illuminate/Database/Connectors/SQLiteConnector.php:34)
[stacktrace]
#0 /Users/sayemh/Downloads/2miniw 2/bin/vendor/laravel/framework/src/Illuminate/Database/Connectors/ConnectionFactory.php(221): Illuminate\\Database\\Connectors\\SQLiteConnector->connect(Array)
#1 [internal function]: Illuminate\\Database\\Connectors\\ConnectionFactory->Illuminate\\Database\\Connectors\\{closure}()
#2 /Users/sayemh/Downloads/2miniw 2/bin/vendor/laravel/framework/src/Illuminate/Database/Connection.php(1210): call_user_func(Object(Closure))
#3 /Users/sayemh/Downloads/2miniw 2/bin/vendor/laravel/framework/src/Illuminate/Database/Connection.php(572): Illuminate\\Database\\Connection->getPdo()
#4 /Users/sayemh/Downloads/2miniw 2/bin/vendor/laravel/framework/src/Illuminate/Database/Connection.php(786): Illuminate\\Database\\Connection->Illuminate\\Database\\{closure}('PRAGMA foreign_...', Array)
#5 /Users/sayemh/Downloads/2miniw 2/bin/vendor/laravel/framework/src/Illuminate/Database/Connection.php(753): Illuminate\\Database\\Connection->runQueryCallback('PRAGMA foreign_...', Array, Object(Closure))
#6 /Users/sayemh/Downloads/2miniw 2/bin/vendor/laravel/framework/src/Illuminate/Database/Connection.php(579): Illuminate\\Database\\Connection->run('PRAGMA foreign_...', Array, Object(Closure))
#7 /Users/sayemh/Downloads/2miniw 2/bin/vendor/laravel/framework/src/Illuminate/Database/Schema/Builder.php(398): Illuminate\\Database\\Connection->statement('PRAGMA foreign_...')
#8 /Users/sayemh/Downloads/2miniw 2/bin/vendor/laravel/framework/src/Illuminate/Database/SQLiteConnection.php(35): Illuminate\\Database\\Schema\\Builder->enableForeignKeyConstraints()
#9 /Users/sayemh/Downloads/2miniw 2/bin/vendor/laravel/framework/src/Illuminate/Database/Connectors/ConnectionFactory.php(272): Illuminate\\Database\\SQLiteConnection->__construct(Object(Closure), '/Users/sayemh/D...', '', Array)
#10 /Users/sayemh/Downloads/2miniw 2/bin/vendor/laravel/framework/src/Illuminate/Database/Connectors/ConnectionFactory.php(76): Illuminate\\Database\\Connectors\\ConnectionFactory->createConnection('sqlite', Object(Closure), '/Users/sayemh/D...', '', Array)
#11 /Users/sayemh/Downloads/2miniw 2/bin/vendor/laravel/framework/src/Illuminate/Database/Connectors/ConnectionFactory.php(50): Illuminate\\Database\\Connectors\\ConnectionFactory->createSingleConnection(Array)
#12 /Users/sayemh/Downloads/2miniw 2/bin/vendor/laravel/framework/src/Illuminate/Database/DatabaseManager.php(152): Illuminate\\Database\\Connectors\\ConnectionFactory->make(Array, 'sqlite')
#13 /Users/sayemh/Downloads/2miniw 2/bin/vendor/laravel/framework/src/Illuminate/Database/DatabaseManager.php(101): Illuminate\\Database\\DatabaseManager->makeConnection('sqlite')
#14 /Users/sayemh/Downloads/2miniw 2/bin/vendor/laravel/framework/src/Illuminate/Database/DatabaseServiceProvider.php(74): Illuminate\\Database\\DatabaseManager->connection()
#15 /Users/sayemh/Downloads/2miniw 2/bin/vendor/laravel/framework/src/Illuminate/Container/Container.php(910): Illuminate\\Database\\DatabaseServiceProvider->Illuminate\\Database\\{closure}(Object(Illuminate\\Foundation\\Application), Array)
#16 /Users/sayemh/Downloads/2miniw 2/bin/vendor/laravel/framework/src/Illuminate/Container/Container.php(795): Illuminate\\Container\\Container->build(Object(Closure))
#17 /Users/sayemh/Downloads/2miniw 2/bin/vendor/laravel/framework/src/Illuminate/Foundation/Application.php(933): Illuminate\\Container\\Container->resolve('db.schema', Array, true)
#18 /Users/sayemh/Downloads/2miniw 2/bin/vendor/laravel/framework/src/Illuminate/Container/Container.php(731): Illuminate\\Foundation\\Application->resolve('db.schema', Array)
#19 /Users/sayemh/Downloads/2miniw 2/bin/vendor/laravel/framework/src/Illuminate/Foundation/Application.php(918): Illuminate\\Container\\Container->make('db.schema', Array)
#20 /Users/sayemh/Downloads/2miniw 2/bin/vendor/laravel/framework/src/Illuminate/Container/Container.php(1456): Illuminate\\Foundation\\Application->make('db.schema')
#21 /Users/sayemh/Downloads/2miniw 2/bin/vendor/laravel/framework/src/Illuminate/Support/Facades/Facade.php(239): Illuminate\\Container\\Container->offsetGet('db.schema')
#22 /Users/sayemh/Downloads/2miniw 2/bin/vendor/laravel/framework/src/Illuminate/Support/Facades/Facade.php(207): Illuminate\\Support\\Facades\\Facade::resolveFacadeInstance('db.schema')
#23 /Users/sayemh/Downloads/2miniw 2/bin/vendor/laravel/framework/src/Illuminate/Support/Facades/Facade.php(347): Illuminate\\Support\\Facades\\Facade::getFacadeRoot()
#24 /Users/sayemh/Downloads/2miniw 2/bin/app/Providers/AppServiceProvider.php(34): Illuminate\\Support\\Facades\\Facade::__callStatic('defaultStringLe...', Array)
#25 /Users/sayemh/Downloads/2miniw 2/bin/vendor/laravel/framework/src/Illuminate/Container/BoundMethod.php(36): App\\Providers\\AppServiceProvider->boot()
#26 /Users/sayemh/Downloads/2miniw 2/bin/vendor/laravel/framework/src/Illuminate/Container/Util.php(41): Illuminate\\Container\\BoundMethod::Illuminate\\Container\\{closure}()
#27 /Users/sayemh/Downloads/2miniw 2/bin/vendor/laravel/framework/src/Illuminate/Container/BoundMethod.php(93): Illuminate\\Container\\Util::unwrapIfClosure(Object(Closure))
#28 /Users/sayemh/Downloads/2miniw 2/bin/vendor/laravel/framework/src/Illuminate/Container/BoundMethod.php(37): Illuminate\\Container\\BoundMethod::callBoundMethod(Object(Illuminate\\Foundation\\Application), Array, Object(Closure))
#29 /Users/sayemh/Downloads/2miniw 2/bin/vendor/laravel/framework/src/Illuminate/Container/Container.php(662): Illuminate\\Container\\BoundMethod::call(Object(Illuminate\\Foundation\\Application), Array, Array, NULL)
#30 /Users/sayemh/Downloads/2miniw 2/bin/vendor/laravel/framework/src/Illuminate/Foundation/Application.php(1006): Illuminate\\Container\\Container->call(Array)
#31 /Users/sayemh/Downloads/2miniw 2/bin/vendor/laravel/framework/src/Illuminate/Foundation/Application.php(987): Illuminate\\Foundation\\Application->bootProvider(Object(App\\Providers\\AppServiceProvider))
#32 [internal function]: Illuminate\\Foundation\\Application->Illuminate\\Foundation\\{closure}(Object(App\\Providers\\AppServiceProvider), 26)
#33 /Users/sayemh/Downloads/2miniw 2/bin/vendor/laravel/framework/src/Illuminate/Foundation/Application.php(988): array_walk(Array, Object(Closure))
#34 /Users/sayemh/Downloads/2miniw 2/bin/vendor/laravel/framework/src/Illuminate/Foundation/Bootstrap/BootProviders.php(17): Illuminate\\Foundation\\Application->boot()
#35 /Users/sayemh/Downloads/2miniw 2/bin/vendor/laravel/framework/src/Illuminate/Foundation/Application.php(261): Illuminate\\Foundation\\Bootstrap\\BootProviders->bootstrap(Object(Illuminate\\Foundation\\Application))
#36 /Users/sayemh/Downloads/2miniw 2/bin/vendor/laravel/framework/src/Illuminate/Foundation/Console/Kernel.php(428): Illuminate\\Foundation\\Application->bootstrapWith(Array)
#37 /Users/sayemh/Downloads/2miniw 2/bin/vendor/laravel/framework/src/Illuminate/Foundation/Console/Kernel.php(198): Illuminate\\Foundation\\Console\\Kernel->bootstrap()
#38 /Users/sayemh/Downloads/2miniw 2/bin/artisan(37): Illuminate\\Foundation\\Console\\Kernel->handle(Object(Symfony\\Component\\Console\\Input\\ArgvInput), Object(Symfony\\Component\\Console\\Output\\ConsoleOutput))
#39 {main}
"} 
